<?xml version="1.0" encoding="UTF-8"?>
<testng-results ignored="0" total="1" passed="1" failed="0" skipped="0">
  <reporter-output>
  </reporter-output>
  <suite started-at="2022-06-08T23:12:01 IST" name="Default suite" finished-at="2022-06-08T23:12:48 IST" duration-ms="47529">
    <groups>
    </groups>
    <test started-at="2022-06-08T23:12:01 IST" name="Default test" finished-at="2022-06-08T23:12:48 IST" duration-ms="47529">
      <class name="trial1.LaunchAppFromHome">
        <test-method is-config="true" signature="LaunchBrowser()[pri:0, instance:trial1.LaunchAppFromHome@4dbb42b7]" started-at="2022-06-08T23:12:01 IST" name="LaunchBrowser" finished-at="2022-06-08T23:12:11 IST" duration-ms="10781" status="PASS">
          <reporter-output>
          </reporter-output>
        </test-method> <!-- LaunchBrowser -->
        <test-method signature="verifyLifeSkillsCampKhan()[pri:0, instance:trial1.LaunchAppFromHome@4dbb42b7]" started-at="2022-06-08T23:12:11 IST" name="verifyLifeSkillsCampKhan" finished-at="2022-06-08T23:12:48 IST" duration-ms="36313" status="PASS">
          <reporter-output>
          </reporter-output>
        </test-method> <!-- verifyLifeSkillsCampKhan -->
        <test-method is-config="true" signature="CloseBrowser()[pri:0, instance:trial1.LaunchAppFromHome@4dbb42b7]" started-at="2022-06-08T23:12:48 IST" name="CloseBrowser" finished-at="2022-06-08T23:12:48 IST" duration-ms="405" status="PASS">
          <reporter-output>
          </reporter-output>
        </test-method> <!-- CloseBrowser -->
      </class> <!-- trial1.LaunchAppFromHome -->
    </test> <!-- Default test -->
  </suite> <!-- Default suite -->
</testng-results>
