<?xml version="1.0" encoding="UTF-8"?>
<testng-results ignored="0" total="1" passed="1" failed="0" skipped="0">
  <reporter-output>
  </reporter-output>
  <suite started-at="2022-06-08T23:33:18 IST" name="Default suite" finished-at="2022-06-08T23:33:39 IST" duration-ms="21438">
    <groups>
    </groups>
    <test started-at="2022-06-08T23:33:18 IST" name="Default test" finished-at="2022-06-08T23:33:39 IST" duration-ms="21438">
      <class name="trial1.KhanAcademyAssignment">
        <test-method is-config="true" signature="LaunchBrowser()[pri:0, instance:trial1.KhanAcademyAssignment@66f57048]" started-at="2022-06-08T23:33:18 IST" name="LaunchBrowser" finished-at="2022-06-08T23:33:30 IST" duration-ms="11933" status="PASS">
          <reporter-output>
          </reporter-output>
        </test-method> <!-- LaunchBrowser -->
        <test-method signature="verifyLifeSkillsCampKhan()[pri:0, instance:trial1.KhanAcademyAssignment@66f57048]" started-at="2022-06-08T23:33:30 IST" name="verifyLifeSkillsCampKhan" finished-at="2022-06-08T23:33:39 IST" duration-ms="8721" status="PASS">
          <reporter-output>
          </reporter-output>
        </test-method> <!-- verifyLifeSkillsCampKhan -->
        <test-method is-config="true" signature="CloseBrowser()[pri:0, instance:trial1.KhanAcademyAssignment@66f57048]" started-at="2022-06-08T23:33:39 IST" name="CloseBrowser" finished-at="2022-06-08T23:33:39 IST" duration-ms="745" status="PASS">
          <reporter-output>
          </reporter-output>
        </test-method> <!-- CloseBrowser -->
      </class> <!-- trial1.KhanAcademyAssignment -->
    </test> <!-- Default test -->
  </suite> <!-- Default suite -->
</testng-results>
